Project Root: C:\Users\YASHWANTH\Downloads\Kimi_Agent_Viral Clip Extractor
Checking: C:\Users\YASHWANTH\Downloads\Kimi_Agent_Viral Clip Extractor\ffmpeg\bin\ffmpeg.exe -> True
Checking: C:\Users\YASHWANTH\Downloads\Kimi_Agent_Viral Clip Extractor\ffmpeg\bin\ffmpeg.exe -> True
Selected: C:\Users\YASHWANTH\Downloads\Kimi_Agent_Viral Clip Extractor\ffmpeg\bin\ffmpeg.exe
Project Root: C:\Users\YASHWANTH\Downloads\Kimi_Agent_Viral Clip Extractor
Checking: C:\Users\YASHWANTH\Downloads\Kimi_Agent_Viral Clip Extractor\ffmpeg\bin\ffmpeg.exe -> True
Checking: C:\Users\YASHWANTH\Downloads\Kimi_Agent_Viral Clip Extractor\ffmpeg\bin\ffmpeg.exe -> True
Selected: C:\Users\YASHWANTH\Downloads\Kimi_Agent_Viral Clip Extractor\ffmpeg\bin\ffmpeg.exe
Project Root: C:\Users\YASHWANTH\Downloads\Kimi_Agent_Viral Clip Extractor
Checking: C:\Users\YASHWANTH\Downloads\Kimi_Agent_Viral Clip Extractor\ffmpeg\bin\ffmpeg.exe -> True
Checking: C:\Users\YASHWANTH\Downloads\Kimi_Agent_Viral Clip Extractor\ffmpeg\bin\ffmpeg.exe -> True
Selected File: C:\Users\YASHWANTH\Downloads\Kimi_Agent_Viral Clip Extractor\ffmpeg\bin\ffmpeg.exe
Using Dir: C:\Users\YASHWANTH\Downloads\Kimi_Agent_Viral Clip Extractor\ffmpeg\bin
Project Root: C:\Users\YASHWANTH\Downloads\Kimi_Agent_Viral Clip Extractor
Checking: C:\Users\YASHWANTH\Downloads\Kimi_Agent_Viral Clip Extractor\ffmpeg\bin\ffmpeg.exe -> True
Checking: C:\Users\YASHWANTH\Downloads\Kimi_Agent_Viral Clip Extractor\ffmpeg\bin\ffmpeg.exe -> True
Selected File: C:\Users\YASHWANTH\Downloads\Kimi_Agent_Viral Clip Extractor\ffmpeg\bin\ffmpeg.exe
Using Dir: C:\Users\YASHWANTH\Downloads\Kimi_Agent_Viral Clip Extractor\ffmpeg\bin
Project Root: C:\Users\YASHWANTH\Downloads\Kimi_Agent_Viral Clip Extractor
Checking: C:\Users\YASHWANTH\Downloads\Kimi_Agent_Viral Clip Extractor\ffmpeg\bin\ffmpeg.exe -> True
Checking: C:\Users\YASHWANTH\Downloads\Kimi_Agent_Viral Clip Extractor\ffmpeg\bin\ffmpeg.exe -> True
Selected File: C:\Users\YASHWANTH\Downloads\Kimi_Agent_Viral Clip Extractor\ffmpeg\bin\ffmpeg.exe
Adding to PATH: C:\Users\YASHWANTH\Downloads\Kimi_Agent_Viral Clip Extractor\ffmpeg\bin
Project Root: C:\Users\YASHWANTH\Downloads\Kimi_Agent_Viral Clip Extractor
Checking: C:\Users\YASHWANTH\Downloads\Kimi_Agent_Viral Clip Extractor\ffmpeg\bin\ffmpeg.exe -> True
Checking: C:\Users\YASHWANTH\Downloads\Kimi_Agent_Viral Clip Extractor\ffmpeg\bin\ffmpeg.exe -> True
Selected File: C:\Users\YASHWANTH\Downloads\Kimi_Agent_Viral Clip Extractor\ffmpeg\bin\ffmpeg.exe
Adding to PATH: C:\Users\YASHWANTH\Downloads\Kimi_Agent_Viral Clip Extractor\ffmpeg\bin
Project Root: C:\Users\YASHWANTH\Downloads\Kimi_Agent_Viral Clip Extractor
Checking: C:\Users\YASHWANTH\Downloads\Kimi_Agent_Viral Clip Extractor\ffmpeg\bin\ffmpeg.exe -> True
Checking: C:\Users\YASHWANTH\Downloads\Kimi_Agent_Viral Clip Extractor\ffmpeg\bin\ffmpeg.exe -> True
Selected File: C:\Users\YASHWANTH\Downloads\Kimi_Agent_Viral Clip Extractor\ffmpeg\bin\ffmpeg.exe
Adding to PATH: C:\Users\YASHWANTH\Downloads\Kimi_Agent_Viral Clip Extractor\ffmpeg\bin
Project Root: C:\Users\YASHWANTH\Downloads\Kimi_Agent_Viral Clip Extractor
Checking: C:\Users\YASHWANTH\Downloads\Kimi_Agent_Viral Clip Extractor\ffmpeg\bin\ffmpeg.exe -> True
Checking: C:\Users\YASHWANTH\Downloads\Kimi_Agent_Viral Clip Extractor\ffmpeg\bin\ffmpeg.exe -> True
Selected File: C:\Users\YASHWANTH\Downloads\Kimi_Agent_Viral Clip Extractor\ffmpeg\bin\ffmpeg.exe
Adding to PATH: C:\Users\YASHWANTH\Downloads\Kimi_Agent_Viral Clip Extractor\ffmpeg\bin
Project Root: C:\Users\YASHWANTH\Downloads\Kimi_Agent_Viral Clip Extractor
Checking: C:\Users\YASHWANTH\Downloads\Kimi_Agent_Viral Clip Extractor\ffmpeg\bin\ffmpeg.exe -> True
Checking: C:\Users\YASHWANTH\Downloads\Kimi_Agent_Viral Clip Extractor\ffmpeg\bin\ffmpeg.exe -> True
Selected File: C:\Users\YASHWANTH\Downloads\Kimi_Agent_Viral Clip Extractor\ffmpeg\bin\ffmpeg.exe
Adding to PATH: C:\Users\YASHWANTH\Downloads\Kimi_Agent_Viral Clip Extractor\ffmpeg\bin
Project Root: C:\Users\YASHWANTH\Downloads\Kimi_Agent_Viral Clip Extractor
Checking: C:\Users\YASHWANTH\Downloads\Kimi_Agent_Viral Clip Extractor\ffmpeg\bin\ffmpeg.exe -> True
Checking: C:\Users\YASHWANTH\Downloads\Kimi_Agent_Viral Clip Extractor\ffmpeg\bin\ffmpeg.exe -> True
Selected File: C:\Users\YASHWANTH\Downloads\Kimi_Agent_Viral Clip Extractor\ffmpeg\bin\ffmpeg.exe
Adding to PATH: C:\Users\YASHWANTH\Downloads\Kimi_Agent_Viral Clip Extractor\ffmpeg\bin
Project Root: C:\Users\YASHWANTH\Downloads\Kimi_Agent_Viral Clip Extractor
Checking: C:\Users\YASHWANTH\Downloads\Kimi_Agent_Viral Clip Extractor\ffmpeg\bin\ffmpeg.exe -> True
Checking: C:\Users\YASHWANTH\Downloads\Kimi_Agent_Viral Clip Extractor\ffmpeg\bin\ffmpeg.exe -> True
Selected File: C:\Users\YASHWANTH\Downloads\Kimi_Agent_Viral Clip Extractor\ffmpeg\bin\ffmpeg.exe
Adding to PATH: C:\Users\YASHWANTH\Downloads\Kimi_Agent_Viral Clip Extractor\ffmpeg\bin
Project Root: C:\Users\YASHWANTH\Downloads\Kimi_Agent_Viral Clip Extractor
Checking: C:\Users\YASHWANTH\Downloads\Kimi_Agent_Viral Clip Extractor\ffmpeg\bin\ffmpeg.exe -> True
Checking: C:\Users\YASHWANTH\Downloads\Kimi_Agent_Viral Clip Extractor\ffmpeg\bin\ffmpeg.exe -> True
Selected File: C:\Users\YASHWANTH\Downloads\Kimi_Agent_Viral Clip Extractor\ffmpeg\bin\ffmpeg.exe
Adding to PATH: C:\Users\YASHWANTH\Downloads\Kimi_Agent_Viral Clip Extractor\ffmpeg\bin
Project Root: C:\Users\YASHWANTH\Downloads\Kimi_Agent_Viral Clip Extractor
Checking: C:\Users\YASHWANTH\Downloads\Kimi_Agent_Viral Clip Extractor\ffmpeg\bin\ffmpeg.exe -> True
Checking: C:\Users\YASHWANTH\Downloads\Kimi_Agent_Viral Clip Extractor\ffmpeg\bin\ffmpeg.exe -> True
Selected File: C:\Users\YASHWANTH\Downloads\Kimi_Agent_Viral Clip Extractor\ffmpeg\bin\ffmpeg.exe
Adding to PATH: C:\Users\YASHWANTH\Downloads\Kimi_Agent_Viral Clip Extractor\ffmpeg\bin
Project Root: C:\Users\YASHWANTH\Downloads\Kimi_Agent_Viral Clip Extractor
Checking: C:\Users\YASHWANTH\Downloads\Kimi_Agent_Viral Clip Extractor\ffmpeg\bin\ffmpeg.exe -> True
Checking: C:\Users\YASHWANTH\Downloads\Kimi_Agent_Viral Clip Extractor\ffmpeg\bin\ffmpeg.exe -> True
Selected File: C:\Users\YASHWANTH\Downloads\Kimi_Agent_Viral Clip Extractor\ffmpeg\bin\ffmpeg.exe
Adding to PATH: C:\Users\YASHWANTH\Downloads\Kimi_Agent_Viral Clip Extractor\ffmpeg\bin
Project Root: C:\Users\YASHWANTH\Downloads\Kimi_Agent_Viral Clip Extractor
Checking: C:\Users\YASHWANTH\Downloads\Kimi_Agent_Viral Clip Extractor\ffmpeg\bin\ffmpeg.exe -> True
Checking: C:\Users\YASHWANTH\Downloads\Kimi_Agent_Viral Clip Extractor\ffmpeg\bin\ffmpeg.exe -> True
Selected File: C:\Users\YASHWANTH\Downloads\Kimi_Agent_Viral Clip Extractor\ffmpeg\bin\ffmpeg.exe
Adding to PATH: C:\Users\YASHWANTH\Downloads\Kimi_Agent_Viral Clip Extractor\ffmpeg\bin
Project Root: C:\Users\YASHWANTH\Downloads\Kimi_Agent_Viral Clip Extractor
Checking: C:\Users\YASHWANTH\Downloads\Kimi_Agent_Viral Clip Extractor\ffmpeg\bin\ffmpeg.exe -> True
Checking: C:\Users\YASHWANTH\Downloads\Kimi_Agent_Viral Clip Extractor\ffmpeg\bin\ffmpeg.exe -> True
Selected File: C:\Users\YASHWANTH\Downloads\Kimi_Agent_Viral Clip Extractor\ffmpeg\bin\ffmpeg.exe
Adding to PATH: C:\Users\YASHWANTH\Downloads\Kimi_Agent_Viral Clip Extractor\ffmpeg\bin
Project Root: C:\Users\YASHWANTH\Downloads\Kimi_Agent_Viral Clip Extractor
Checking: C:\Users\YASHWANTH\Downloads\Kimi_Agent_Viral Clip Extractor\ffmpeg\bin\ffmpeg.exe -> True
Checking: C:\Users\YASHWANTH\Downloads\Kimi_Agent_Viral Clip Extractor\ffmpeg\bin\ffmpeg.exe -> True
Selected File: C:\Users\YASHWANTH\Downloads\Kimi_Agent_Viral Clip Extractor\ffmpeg\bin\ffmpeg.exe
Adding to PATH: C:\Users\YASHWANTH\Downloads\Kimi_Agent_Viral Clip Extractor\ffmpeg\bin
Project Root: C:\Users\YASHWANTH\Downloads\Kimi_Agent_Viral Clip Extractor
Checking: C:\Users\YASHWANTH\Downloads\Kimi_Agent_Viral Clip Extractor\ffmpeg\bin\ffmpeg.exe -> True
Checking: C:\Users\YASHWANTH\Downloads\Kimi_Agent_Viral Clip Extractor\ffmpeg\bin\ffmpeg.exe -> True
Selected File: C:\Users\YASHWANTH\Downloads\Kimi_Agent_Viral Clip Extractor\ffmpeg\bin\ffmpeg.exe
Adding to PATH: C:\Users\YASHWANTH\Downloads\Kimi_Agent_Viral Clip Extractor\ffmpeg\bin
Project Root: C:\Users\YASHWANTH\Downloads\Kimi_Agent_Viral Clip Extractor
Checking: C:\Users\YASHWANTH\Downloads\Kimi_Agent_Viral Clip Extractor\ffmpeg\bin\ffmpeg.exe -> True
Checking: C:\Users\YASHWANTH\Downloads\Kimi_Agent_Viral Clip Extractor\ffmpeg\bin\ffmpeg.exe -> True
Selected File: C:\Users\YASHWANTH\Downloads\Kimi_Agent_Viral Clip Extractor\ffmpeg\bin\ffmpeg.exe
Adding to PATH: C:\Users\YASHWANTH\Downloads\Kimi_Agent_Viral Clip Extractor\ffmpeg\bin
Project Root: C:\Users\YASHWANTH\Downloads\Kimi_Agent_Viral Clip Extractor
Checking: C:\Users\YASHWANTH\Downloads\Kimi_Agent_Viral Clip Extractor\ffmpeg\bin\ffmpeg.exe -> True
Checking: C:\Users\YASHWANTH\Downloads\Kimi_Agent_Viral Clip Extractor\ffmpeg\bin\ffmpeg.exe -> True
Selected File: C:\Users\YASHWANTH\Downloads\Kimi_Agent_Viral Clip Extractor\ffmpeg\bin\ffmpeg.exe
Adding to PATH: C:\Users\YASHWANTH\Downloads\Kimi_Agent_Viral Clip Extractor\ffmpeg\bin
Project Root: C:\Users\YASHWANTH\Downloads\Kimi_Agent_Viral Clip Extractor
Checking: C:\Users\YASHWANTH\Downloads\Kimi_Agent_Viral Clip Extractor\ffmpeg\bin\ffmpeg.exe -> True
Checking: C:\Users\YASHWANTH\Downloads\Kimi_Agent_Viral Clip Extractor\ffmpeg\bin\ffmpeg.exe -> True
Selected File: C:\Users\YASHWANTH\Downloads\Kimi_Agent_Viral Clip Extractor\ffmpeg\bin\ffmpeg.exe
Adding to PATH: C:\Users\YASHWANTH\Downloads\Kimi_Agent_Viral Clip Extractor\ffmpeg\bin
Project Root: C:\Users\YASHWANTH\Downloads\Kimi_Agent_Viral Clip Extractor
Checking: C:\Users\YASHWANTH\Downloads\Kimi_Agent_Viral Clip Extractor\ffmpeg\bin\ffmpeg.exe -> True
Checking: C:\Users\YASHWANTH\Downloads\Kimi_Agent_Viral Clip Extractor\ffmpeg\bin\ffmpeg.exe -> True
Selected File: C:\Users\YASHWANTH\Downloads\Kimi_Agent_Viral Clip Extractor\ffmpeg\bin\ffmpeg.exe
Adding to PATH: C:\Users\YASHWANTH\Downloads\Kimi_Agent_Viral Clip Extractor\ffmpeg\bin
Project Root: C:\Users\YASHWANTH\Downloads\Kimi_Agent_Viral Clip Extractor
Checking: C:\Users\YASHWANTH\Downloads\Kimi_Agent_Viral Clip Extractor\ffmpeg\bin\ffmpeg.exe -> True
Checking: C:\Users\YASHWANTH\Downloads\Kimi_Agent_Viral Clip Extractor\ffmpeg\bin\ffmpeg.exe -> True
Selected File: C:\Users\YASHWANTH\Downloads\Kimi_Agent_Viral Clip Extractor\ffmpeg\bin\ffmpeg.exe
Adding to PATH: C:\Users\YASHWANTH\Downloads\Kimi_Agent_Viral Clip Extractor\ffmpeg\bin
